<?xml version="1.0" encoding="UTF-8"?>
<coverage generated="1532835244504" clover="3.2.0">
  <project timestamp="1532835244505" name="All files">
    <metrics statements="132" coveredstatements="75" conditionals="229" coveredconditionals="108" methods="58" coveredmethods="25" elements="419" coveredelements="208" complexity="0" loc="132" ncloc="132" packages="6" files="9" classes="9">
      <package name="common.entity">
        <metrics statements="9" coveredstatements="8" conditionals="29" coveredconditionals="14" methods="2" coveredmethods="2"/>
        <file name="base.entity.ts" path="/mnt/c/Users/Rangga Adhitya P/beonco-microservice/base-service-nest/src/common/entity/base.entity.ts">
          <metrics statements="9" coveredstatements="8" conditionals="29" coveredconditionals="14" methods="2" coveredmethods="2"/>
          <line num="2" count="1" type="cond" truecount="2" falsecount="1"/>
          <line num="3" count="2" type="cond" truecount="2" falsecount="2"/>
          <line num="4" count="2" type="cond" truecount="3" falsecount="1"/>
          <line num="5" count="0" type="cond" truecount="0" falsecount="8"/>
          <line num="6" count="2" type="cond" truecount="2" falsecount="1"/>
          <line num="8" count="1" type="cond" truecount="2" falsecount="1"/>
          <line num="9" count="2" type="cond" truecount="3" falsecount="1"/>
          <line num="14" count="1" type="stmt"/>
          <line num="18" count="1" type="stmt"/>
        </file>
      </package>
      <package name="common.repositories">
        <metrics statements="31" coveredstatements="3" conditionals="9" coveredconditionals="2" methods="19" coveredmethods="1"/>
        <file name="base.repository.ts" path="/mnt/c/Users/Rangga Adhitya P/beonco-microservice/base-service-nest/src/common/repositories/base.repository.ts">
          <metrics statements="31" coveredstatements="3" conditionals="9" coveredconditionals="2" methods="19" coveredmethods="1"/>
          <line num="1" count="2" type="cond" truecount="2" falsecount="1"/>
          <line num="2" count="0" type="cond" truecount="0" falsecount="2"/>
          <line num="3" count="0" type="stmt"/>
          <line num="4" count="0" type="stmt"/>
          <line num="5" count="0" type="cond" truecount="0" falsecount="2"/>
          <line num="6" count="0" type="cond" truecount="0" falsecount="2"/>
          <line num="11" count="5" type="stmt"/>
          <line num="12" count="5" type="stmt"/>
          <line num="15" count="0" type="stmt"/>
          <line num="16" count="0" type="stmt"/>
          <line num="17" count="0" type="stmt"/>
          <line num="20" count="0" type="stmt"/>
          <line num="25" count="0" type="stmt"/>
          <line num="26" count="0" type="stmt"/>
          <line num="30" count="0" type="stmt"/>
          <line num="31" count="0" type="stmt"/>
          <line num="32" count="0" type="stmt"/>
          <line num="35" count="0" type="stmt"/>
          <line num="40" count="0" type="stmt"/>
          <line num="41" count="0" type="stmt"/>
          <line num="42" count="0" type="stmt"/>
          <line num="45" count="0" type="stmt"/>
          <line num="50" count="0" type="stmt"/>
          <line num="51" count="0" type="stmt"/>
          <line num="52" count="0" type="stmt"/>
          <line num="53" count="0" type="stmt"/>
          <line num="56" count="0" type="stmt"/>
          <line num="61" count="0" type="stmt"/>
          <line num="62" count="0" type="stmt"/>
          <line num="63" count="0" type="stmt"/>
          <line num="66" count="0" type="stmt"/>
        </file>
      </package>
      <package name="common.services">
        <metrics statements="13" coveredstatements="2" conditionals="9" coveredconditionals="2" methods="13" coveredmethods="1"/>
        <file name="base.service.ts" path="/mnt/c/Users/Rangga Adhitya P/beonco-microservice/base-service-nest/src/common/services/base.service.ts">
          <metrics statements="13" coveredstatements="2" conditionals="9" coveredconditionals="2" methods="13" coveredmethods="1"/>
          <line num="1" count="1" type="cond" truecount="2" falsecount="1"/>
          <line num="2" count="0" type="cond" truecount="0" falsecount="2"/>
          <line num="3" count="0" type="stmt"/>
          <line num="4" count="0" type="stmt"/>
          <line num="5" count="0" type="cond" truecount="0" falsecount="2"/>
          <line num="6" count="0" type="cond" truecount="0" falsecount="2"/>
          <line num="11" count="5" type="stmt"/>
          <line num="14" count="0" type="stmt"/>
          <line num="17" count="0" type="stmt"/>
          <line num="20" count="0" type="stmt"/>
          <line num="21" count="0" type="stmt"/>
          <line num="25" count="0" type="stmt"/>
          <line num="28" count="0" type="stmt"/>
        </file>
      </package>
      <package name="helpers.adapters">
        <metrics statements="19" coveredstatements="6" conditionals="30" coveredconditionals="7" methods="4" coveredmethods="1"/>
        <file name="adapter.ts" path="/mnt/c/Users/Rangga Adhitya P/beonco-microservice/base-service-nest/src/helpers/adapters/adapter.ts">
          <metrics statements="19" coveredstatements="6" conditionals="30" coveredconditionals="7" methods="4" coveredmethods="1"/>
          <line num="2" count="1" type="cond" truecount="2" falsecount="1"/>
          <line num="3" count="1" type="cond" truecount="1" falsecount="3"/>
          <line num="4" count="1" type="cond" truecount="3" falsecount="1"/>
          <line num="5" count="0" type="cond" truecount="0" falsecount="8"/>
          <line num="6" count="1" type="cond" truecount="1" falsecount="2"/>
          <line num="9" count="1" type="stmt"/>
          <line num="11" count="0" type="stmt"/>
          <line num="12" count="0" type="stmt"/>
          <line num="13" count="0" type="cond" truecount="0" falsecount="6"/>
          <line num="21" count="0" type="stmt"/>
          <line num="24" count="0" type="stmt"/>
          <line num="25" count="0" type="stmt"/>
          <line num="26" count="0" type="stmt"/>
          <line num="28" count="0" type="stmt"/>
          <line num="31" count="0" type="stmt"/>
          <line num="32" count="0" type="cond" truecount="0" falsecount="2"/>
          <line num="33" count="0" type="stmt"/>
          <line num="34" count="0" type="stmt"/>
          <line num="37" count="1" type="stmt"/>
        </file>
      </package>
      <package name="user">
        <metrics statements="60" coveredstatements="56" conditionals="152" coveredconditionals="83" methods="20" coveredmethods="20"/>
        <file name="user.controller.ts" path="/mnt/c/Users/Rangga Adhitya P/beonco-microservice/base-service-nest/src/user/user.controller.ts">
          <metrics statements="22" coveredstatements="21" conditionals="47" coveredconditionals="30" methods="10" coveredmethods="10"/>
          <line num="1" count="1" type="cond" truecount="2" falsecount="1"/>
          <line num="2" count="6" type="cond" truecount="3" falsecount="1"/>
          <line num="3" count="6" type="cond" truecount="3" falsecount="1"/>
          <line num="4" count="0" type="cond" truecount="0" falsecount="8"/>
          <line num="5" count="6" type="cond" truecount="3" falsecount="0"/>
          <line num="7" count="1" type="cond" truecount="2" falsecount="1"/>
          <line num="8" count="16" type="cond" truecount="3" falsecount="1"/>
          <line num="10" count="1" type="cond" truecount="2" falsecount="1"/>
          <line num="11" count="5" type="stmt"/>
          <line num="17" count="1" type="stmt"/>
          <line num="19" count="5" type="stmt"/>
          <line num="22" count="1" type="stmt"/>
          <line num="25" count="1" type="stmt"/>
          <line num="28" count="1" type="stmt"/>
          <line num="31" count="1" type="stmt"/>
          <line num="34" count="1" type="stmt"/>
          <line num="37" count="1" type="stmt"/>
          <line num="45" count="1" type="stmt"/>
          <line num="52" count="1" type="stmt"/>
          <line num="59" count="1" type="stmt"/>
          <line num="66" count="1" type="stmt"/>
          <line num="73" count="1" type="stmt"/>
        </file>
        <file name="user.entity.ts" path="/mnt/c/Users/Rangga Adhitya P/beonco-microservice/base-service-nest/src/user/user.entity.ts">
          <metrics statements="14" coveredstatements="13" conditionals="29" coveredconditionals="15" methods="2" coveredmethods="2"/>
          <line num="1" count="1" type="cond" truecount="2" falsecount="1"/>
          <line num="2" count="6" type="cond" truecount="3" falsecount="1"/>
          <line num="3" count="6" type="cond" truecount="3" falsecount="1"/>
          <line num="4" count="0" type="cond" truecount="0" falsecount="8"/>
          <line num="5" count="6" type="cond" truecount="2" falsecount="1"/>
          <line num="7" count="1" type="cond" truecount="2" falsecount="1"/>
          <line num="8" count="5" type="cond" truecount="3" falsecount="1"/>
          <line num="12" count="1" type="stmt"/>
          <line num="14" count="1" type="stmt"/>
          <line num="18" count="1" type="stmt"/>
          <line num="22" count="1" type="stmt"/>
          <line num="26" count="1" type="stmt"/>
          <line num="30" count="1" type="stmt"/>
          <line num="34" count="1" type="stmt"/>
        </file>
        <file name="user.repository.ts" path="/mnt/c/Users/Rangga Adhitya P/beonco-microservice/base-service-nest/src/user/user.repository.ts">
          <metrics statements="13" coveredstatements="12" conditionals="42" coveredconditionals="22" methods="5" coveredmethods="5"/>
          <line num="1" count="1" type="cond" truecount="2" falsecount="1"/>
          <line num="2" count="1" type="cond" truecount="1" falsecount="3"/>
          <line num="3" count="1" type="cond" truecount="3" falsecount="1"/>
          <line num="4" count="0" type="cond" truecount="0" falsecount="8"/>
          <line num="5" count="1" type="cond" truecount="1" falsecount="2"/>
          <line num="7" count="1" type="cond" truecount="2" falsecount="1"/>
          <line num="8" count="1" type="cond" truecount="3" falsecount="1"/>
          <line num="10" count="1" type="cond" truecount="2" falsecount="1"/>
          <line num="11" count="1" type="stmt"/>
          <line num="20" count="1" type="stmt"/>
          <line num="22" count="5" type="stmt"/>
          <line num="23" count="5" type="stmt"/>
          <line num="26" count="1" type="stmt"/>
        </file>
        <file name="user.service.ts" path="/mnt/c/Users/Rangga Adhitya P/beonco-microservice/base-service-nest/src/user/user.service.ts">
          <metrics statements="11" coveredstatements="10" conditionals="34" coveredconditionals="16" methods="3" coveredmethods="3"/>
          <line num="1" count="1" type="cond" truecount="2" falsecount="1"/>
          <line num="2" count="1" type="cond" truecount="1" falsecount="3"/>
          <line num="3" count="1" type="cond" truecount="3" falsecount="1"/>
          <line num="4" count="0" type="cond" truecount="0" falsecount="8"/>
          <line num="5" count="1" type="cond" truecount="1" falsecount="2"/>
          <line num="7" count="1" type="cond" truecount="2" falsecount="1"/>
          <line num="8" count="1" type="cond" truecount="3" falsecount="1"/>
          <line num="14" count="1" type="stmt"/>
          <line num="16" count="5" type="stmt"/>
          <line num="17" count="5" type="stmt"/>
          <line num="20" count="1" type="stmt"/>
        </file>
      </package>
      <package name="user.dto">
        <metrics statements="0" coveredstatements="0" conditionals="0" coveredconditionals="0" methods="0" coveredmethods="0"/>
        <file name="user.dto.ts" path="/mnt/c/Users/Rangga Adhitya P/beonco-microservice/base-service-nest/src/user/dto/user.dto.ts">
          <metrics statements="0" coveredstatements="0" conditionals="0" coveredconditionals="0" methods="0" coveredmethods="0"/>
        </file>
      </package>
    </metrics>
  </project>
</coverage>
