{"/mnt/c/Users/Rangga Adhitya P/beonco-microservice/base-service-nest/src/common/entity/base.entity.ts": {"path":"/mnt/c/Users/Rangga Adhitya P/beonco-microservice/base-service-nest/src/common/entity/base.entity.ts","statementMap":{"0":{"start":{"line":2,"column":17},"end":{"line":7,"column":1}},"1":{"start":{"line":3,"column":12},"end":{"line":3,"column":28}},"2":{"start":{"line":3,"column":34},"end":{"line":3,"column":125}},"3":{"start":{"line":4,"column":4},"end":{"line":5,"column":150}},"4":{"start":{"line":4,"column":79},"end":{"line":4,"column":131}},"5":{"start":{"line":5,"column":9},"end":{"line":5,"column":150}},"6":{"start":{"line":5,"column":58},"end":{"line":5,"column":150}},"7":{"start":{"line":5,"column":81},"end":{"line":5,"column":150}},"8":{"start":{"line":6,"column":4},"end":{"line":6,"column":66}},"9":{"start":{"line":8,"column":17},"end":{"line":10,"column":1}},"10":{"start":{"line":9,"column":4},"end":{"line":9,"column":109}},"11":{"start":{"line":9,"column":79},"end":{"line":9,"column":109}},"12":{"start":{"line":14,"column":0},"end":{"line":17,"column":47}},"13":{"start":{"line":18,"column":0},"end":{"line":21,"column":47}}},"fnMap":{"0":{"name":"(anonymous_0)","decl":{"start":{"line":2,"column":46},"end":{"line":2,"column":47}},"loc":{"start":{"line":2,"column":87},"end":{"line":7,"column":1}},"line":2},"1":{"name":"(anonymous_1)","decl":{"start":{"line":8,"column":46},"end":{"line":8,"column":47}},"loc":{"start":{"line":8,"column":62},"end":{"line":10,"column":1}},"line":8}},"branchMap":{"0":{"loc":{"start":{"line":2,"column":17},"end":{"line":7,"column":1}},"type":"binary-expr","locations":[{"start":{"line":2,"column":18},"end":{"line":2,"column":22}},{"start":{"line":2,"column":26},"end":{"line":2,"column":41}},{"start":{"line":2,"column":46},"end":{"line":7,"column":1}}],"line":2},"1":{"loc":{"start":{"line":3,"column":34},"end":{"line":3,"column":125}},"type":"cond-expr","locations":[{"start":{"line":3,"column":42},"end":{"line":3,"column":48}},{"start":{"line":3,"column":51},"end":{"line":3,"column":125}}],"line":3},"2":{"loc":{"start":{"line":3,"column":51},"end":{"line":3,"column":125}},"type":"cond-expr","locations":[{"start":{"line":3,"column":67},"end":{"line":3,"column":118}},{"start":{"line":3,"column":121},"end":{"line":3,"column":125}}],"line":3},"3":{"loc":{"start":{"line":4,"column":4},"end":{"line":5,"column":150}},"type":"if","locations":[{"start":{"line":4,"column":4},"end":{"line":5,"column":150}},{"start":{"line":4,"column":4},"end":{"line":5,"column":150}}],"line":4},"4":{"loc":{"start":{"line":4,"column":8},"end":{"line":4,"column":77}},"type":"binary-expr","locations":[{"start":{"line":4,"column":8},"end":{"line":4,"column":35}},{"start":{"line":4,"column":39},"end":{"line":4,"column":77}}],"line":4},"5":{"loc":{"start":{"line":5,"column":58},"end":{"line":5,"column":150}},"type":"if","locations":[{"start":{"line":5,"column":58},"end":{"line":5,"column":150}},{"start":{"line":5,"column":58},"end":{"line":5,"column":150}}],"line":5},"6":{"loc":{"start":{"line":5,"column":85},"end":{"line":5,"column":149}},"type":"binary-expr","locations":[{"start":{"line":5,"column":86},"end":{"line":5,"column":143}},{"start":{"line":5,"column":148},"end":{"line":5,"column":149}}],"line":5},"7":{"loc":{"start":{"line":5,"column":86},"end":{"line":5,"column":143}},"type":"cond-expr","locations":[{"start":{"line":5,"column":94},"end":{"line":5,"column":98}},{"start":{"line":5,"column":101},"end":{"line":5,"column":143}}],"line":5},"8":{"loc":{"start":{"line":5,"column":101},"end":{"line":5,"column":143}},"type":"cond-expr","locations":[{"start":{"line":5,"column":109},"end":{"line":5,"column":126}},{"start":{"line":5,"column":129},"end":{"line":5,"column":143}}],"line":5},"9":{"loc":{"start":{"line":6,"column":11},"end":{"line":6,"column":62}},"type":"binary-expr","locations":[{"start":{"line":6,"column":11},"end":{"line":6,"column":16}},{"start":{"line":6,"column":20},"end":{"line":6,"column":21}},{"start":{"line":6,"column":25},"end":{"line":6,"column":62}}],"line":6},"10":{"loc":{"start":{"line":8,"column":17},"end":{"line":10,"column":1}},"type":"binary-expr","locations":[{"start":{"line":8,"column":18},"end":{"line":8,"column":22}},{"start":{"line":8,"column":26},"end":{"line":8,"column":41}},{"start":{"line":8,"column":46},"end":{"line":10,"column":1}}],"line":8},"11":{"loc":{"start":{"line":9,"column":4},"end":{"line":9,"column":109}},"type":"if","locations":[{"start":{"line":9,"column":4},"end":{"line":9,"column":109}},{"start":{"line":9,"column":4},"end":{"line":9,"column":109}}],"line":9},"12":{"loc":{"start":{"line":9,"column":8},"end":{"line":9,"column":77}},"type":"binary-expr","locations":[{"start":{"line":9,"column":8},"end":{"line":9,"column":35}},{"start":{"line":9,"column":39},"end":{"line":9,"column":77}}],"line":9}},"s":{"0":1,"1":2,"2":2,"3":2,"4":2,"5":0,"6":0,"7":0,"8":2,"9":1,"10":2,"11":2,"12":1,"13":1},"f":{"0":2,"1":2},"b":{"0":[1,0,1],"1":[0,2],"2":[0,2],"3":[2,0],"4":[2,2],"5":[0,0],"6":[0,0],"7":[0,0],"8":[0,0],"9":[2,2,0],"10":[1,0,1],"11":[2,0],"12":[2,2]},"inputSourceMap":{"version":3,"file":"base.entity.js","sourceRoot":"","sources":["base.entity.ts"],"names":[],"mappings":"AAAA,YAAY,CAAA;;;;;;;;;;AACZ,OAAO,EAAE,gBAAgB,EAAE,gBAAgB,EAAE,MAAM,SAAS,CAAA;AAE5D,MAAM,CAAC,OAAO;CAQb;AAJC;IADC,gBAAgB,CAAC,EAAE,IAAI,EAAE,WAAW,EAAE,CAAC;;8CACf;AAGzB;IADC,gBAAgB,CAAC,EAAE,IAAI,EAAE,WAAW,EAAE,CAAC;;8CACd","sourcesContent":["'use-strict'\r\nimport { UpdateDateColumn, CreateDateColumn } from 'typeorm'\r\n\r\nexport default abstract class BaseEntity {\r\n  id: number | string | undefined\r\n\r\n  @CreateDateColumn({ type: 'timestamp' })\r\n  public created_at: string\r\n\r\n  @UpdateDateColumn({ type: 'timestamp' })\r\n  public updated_at?: string\r\n}\r\n"]},"_coverageSchema":"332fd63041d2c1bcb487cc26dd0d5f7d97098a6c","hash":"1aaa0bbc66b72f01696d93ba26b98212c8b6846d"}
,"/mnt/c/Users/Rangga Adhitya P/beonco-microservice/base-service-nest/src/common/repositories/base.repository.ts": {"path":"/mnt/c/Users/Rangga Adhitya P/beonco-microservice/base-service-nest/src/common/repositories/base.repository.ts","statementMap":{"0":{"start":{"line":1,"column":16},"end":{"line":8,"column":1}},"1":{"start":{"line":2,"column":4},"end":{"line":7,"column":7}},"2":{"start":{"line":3,"column":36},"end":{"line":3,"column":97}},"3":{"start":{"line":3,"column":42},"end":{"line":3,"column":70}},"4":{"start":{"line":3,"column":85},"end":{"line":3,"column":95}},"5":{"start":{"line":4,"column":35},"end":{"line":4,"column":100}},"6":{"start":{"line":4,"column":41},"end":{"line":4,"column":73}},"7":{"start":{"line":4,"column":88},"end":{"line":4,"column":98}},"8":{"start":{"line":5,"column":32},"end":{"line":5,"column":149}},"9":{"start":{"line":5,"column":97},"end":{"line":5,"column":119}},"10":{"start":{"line":6,"column":8},"end":{"line":6,"column":78}},"11":{"start":{"line":11,"column":8},"end":{"line":11,"column":37}},"12":{"start":{"line":12,"column":8},"end":{"line":12,"column":31}},"13":{"start":{"line":15,"column":8},"end":{"line":22,"column":11}},"14":{"start":{"line":16,"column":12},"end":{"line":21,"column":13}},"15":{"start":{"line":17,"column":16},"end":{"line":17,"column":57}},"16":{"start":{"line":20,"column":16},"end":{"line":20,"column":58}},"17":{"start":{"line":25,"column":8},"end":{"line":27,"column":11}},"18":{"start":{"line":26,"column":12},"end":{"line":26,"column":55}},"19":{"start":{"line":30,"column":8},"end":{"line":37,"column":11}},"20":{"start":{"line":31,"column":12},"end":{"line":36,"column":13}},"21":{"start":{"line":32,"column":16},"end":{"line":32,"column":56}},"22":{"start":{"line":35,"column":16},"end":{"line":35,"column":57}},"23":{"start":{"line":40,"column":8},"end":{"line":47,"column":11}},"24":{"start":{"line":41,"column":12},"end":{"line":46,"column":13}},"25":{"start":{"line":42,"column":16},"end":{"line":42,"column":59}},"26":{"start":{"line":45,"column":16},"end":{"line":45,"column":57}},"27":{"start":{"line":50,"column":8},"end":{"line":58,"column":11}},"28":{"start":{"line":51,"column":12},"end":{"line":57,"column":13}},"29":{"start":{"line":52,"column":31},"end":{"line":52,"column":70}},"30":{"start":{"line":53,"column":16},"end":{"line":53,"column":58}},"31":{"start":{"line":56,"column":16},"end":{"line":56,"column":63}},"32":{"start":{"line":61,"column":8},"end":{"line":68,"column":11}},"33":{"start":{"line":62,"column":12},"end":{"line":67,"column":13}},"34":{"start":{"line":63,"column":16},"end":{"line":63,"column":56}},"35":{"start":{"line":66,"column":16},"end":{"line":66,"column":63}}},"fnMap":{"0":{"name":"(anonymous_0)","decl":{"start":{"line":1,"column":44},"end":{"line":1,"column":45}},"loc":{"start":{"line":1,"column":89},"end":{"line":8,"column":1}},"line":1},"1":{"name":"(anonymous_1)","decl":{"start":{"line":2,"column":36},"end":{"line":2,"column":37}},"loc":{"start":{"line":2,"column":63},"end":{"line":7,"column":5}},"line":2},"2":{"name":"fulfilled","decl":{"start":{"line":3,"column":17},"end":{"line":3,"column":26}},"loc":{"start":{"line":3,"column":34},"end":{"line":3,"column":99}},"line":3},"3":{"name":"rejected","decl":{"start":{"line":4,"column":17},"end":{"line":4,"column":25}},"loc":{"start":{"line":4,"column":33},"end":{"line":4,"column":102}},"line":4},"4":{"name":"step","decl":{"start":{"line":5,"column":17},"end":{"line":5,"column":21}},"loc":{"start":{"line":5,"column":30},"end":{"line":5,"column":151}},"line":5},"5":{"name":"(anonymous_5)","decl":{"start":{"line":5,"column":76},"end":{"line":5,"column":77}},"loc":{"start":{"line":5,"column":95},"end":{"line":5,"column":121}},"line":5},"6":{"name":"(anonymous_6)","decl":{"start":{"line":10,"column":4},"end":{"line":10,"column":5}},"loc":{"start":{"line":10,"column":37},"end":{"line":13,"column":5}},"line":10},"7":{"name":"(anonymous_7)","decl":{"start":{"line":14,"column":4},"end":{"line":14,"column":5}},"loc":{"start":{"line":14,"column":20},"end":{"line":23,"column":5}},"line":14},"8":{"name":"(anonymous_8)","decl":{"start":{"line":15,"column":47},"end":{"line":15,"column":48}},"loc":{"start":{"line":15,"column":60},"end":{"line":22,"column":9}},"line":15},"9":{"name":"(anonymous_9)","decl":{"start":{"line":24,"column":4},"end":{"line":24,"column":5}},"loc":{"start":{"line":24,"column":23},"end":{"line":28,"column":5}},"line":24},"10":{"name":"(anonymous_10)","decl":{"start":{"line":25,"column":47},"end":{"line":25,"column":48}},"loc":{"start":{"line":25,"column":60},"end":{"line":27,"column":9}},"line":25},"11":{"name":"(anonymous_11)","decl":{"start":{"line":29,"column":4},"end":{"line":29,"column":5}},"loc":{"start":{"line":29,"column":18},"end":{"line":38,"column":5}},"line":29},"12":{"name":"(anonymous_12)","decl":{"start":{"line":30,"column":47},"end":{"line":30,"column":48}},"loc":{"start":{"line":30,"column":60},"end":{"line":37,"column":9}},"line":30},"13":{"name":"(anonymous_13)","decl":{"start":{"line":39,"column":4},"end":{"line":39,"column":5}},"loc":{"start":{"line":39,"column":18},"end":{"line":48,"column":5}},"line":39},"14":{"name":"(anonymous_14)","decl":{"start":{"line":40,"column":47},"end":{"line":40,"column":48}},"loc":{"start":{"line":40,"column":60},"end":{"line":47,"column":9}},"line":40},"15":{"name":"(anonymous_15)","decl":{"start":{"line":49,"column":4},"end":{"line":49,"column":5}},"loc":{"start":{"line":49,"column":17},"end":{"line":59,"column":5}},"line":49},"16":{"name":"(anonymous_16)","decl":{"start":{"line":50,"column":47},"end":{"line":50,"column":48}},"loc":{"start":{"line":50,"column":60},"end":{"line":58,"column":9}},"line":50},"17":{"name":"(anonymous_17)","decl":{"start":{"line":60,"column":4},"end":{"line":60,"column":5}},"loc":{"start":{"line":60,"column":15},"end":{"line":69,"column":5}},"line":60},"18":{"name":"(anonymous_18)","decl":{"start":{"line":61,"column":47},"end":{"line":61,"column":48}},"loc":{"start":{"line":61,"column":60},"end":{"line":68,"column":9}},"line":61}},"branchMap":{"0":{"loc":{"start":{"line":1,"column":16},"end":{"line":8,"column":1}},"type":"binary-expr","locations":[{"start":{"line":1,"column":17},"end":{"line":1,"column":21}},{"start":{"line":1,"column":25},"end":{"line":1,"column":39}},{"start":{"line":1,"column":44},"end":{"line":8,"column":1}}],"line":1},"1":{"loc":{"start":{"line":2,"column":16},"end":{"line":2,"column":34}},"type":"binary-expr","locations":[{"start":{"line":2,"column":16},"end":{"line":2,"column":17}},{"start":{"line":2,"column":22},"end":{"line":2,"column":33}}],"line":2},"2":{"loc":{"start":{"line":5,"column":32},"end":{"line":5,"column":148}},"type":"cond-expr","locations":[{"start":{"line":5,"column":46},"end":{"line":5,"column":67}},{"start":{"line":5,"column":70},"end":{"line":5,"column":148}}],"line":5},"3":{"loc":{"start":{"line":6,"column":51},"end":{"line":6,"column":67}},"type":"binary-expr","locations":[{"start":{"line":6,"column":51},"end":{"line":6,"column":61}},{"start":{"line":6,"column":65},"end":{"line":6,"column":67}}],"line":6}},"s":{"0":2,"1":0,"2":0,"3":0,"4":0,"5":0,"6":0,"7":0,"8":0,"9":0,"10":0,"11":5,"12":5,"13":0,"14":0,"15":0,"16":0,"17":0,"18":0,"19":0,"20":0,"21":0,"22":0,"23":0,"24":0,"25":0,"26":0,"27":0,"28":0,"29":0,"30":0,"31":0,"32":0,"33":0,"34":0,"35":0},"f":{"0":0,"1":0,"2":0,"3":0,"4":0,"5":0,"6":5,"7":0,"8":0,"9":0,"10":0,"11":0,"12":0,"13":0,"14":0,"15":0,"16":0,"17":0,"18":0},"b":{"0":[2,0,2],"1":[0,0],"2":[0,0],"3":[0,0]},"inputSourceMap":{"version":3,"file":"base.repository.js","sourceRoot":"","sources":["base.repository.ts"],"names":[],"mappings":";;;;;;;;AAIA,MAAM;IACJ,YACmB,UAAyB,EACzB,OAAe;QADf,eAAU,GAAV,UAAU,CAAe;QACzB,YAAO,GAAP,OAAO,CAAQ;IAC/B,CAAC;IAEE,WAAW,CAAC,EAAU;;YAC1B,IAAI;gBACF,OAAO,MAAM,IAAI,CAAC,UAAU,CAAC,OAAO,CAAC,EAAE,CAAC,CAAA;aACzC;YAAC,OAAO,CAAC,EAAE;gBACV,MAAM,IAAI,KAAK,CAAC,oBAAoB,GAAG,CAAC,CAAC,CAAA;aAC1C;QACH,CAAC;KAAA;IAEK,MAAM,CAAC,EAAU,EAAE,MAAiC;;YACxD,MAAM,IAAI,KAAK,CAAC,yBAAyB,CAAC,CAAA;QAC5C,CAAC;KAAA;IAEK,OAAO,CAAC,IAA4B;;YACxC,IAAI;gBACF,OAAO,MAAM,IAAI,CAAC,UAAU,CAAC,IAAI,CAAC,IAAI,CAAC,CAAA;aACxC;YAAC,OAAO,CAAC,EAAE;gBACV,MAAM,IAAI,KAAK,CAAC,mBAAmB,GAAG,CAAC,CAAC,CAAA;aACzC;QACH,CAAC;KAAA;IAEK,OAAO,CAAC,IAA4B;;YACxC,IAAI;gBACF,OAAO,MAAM,IAAI,CAAC,UAAU,CAAC,OAAO,CAAC,IAAI,CAAC,CAAA;aAC3C;YAAC,OAAO,CAAC,EAAE;gBACV,MAAM,IAAI,KAAK,CAAC,mBAAmB,GAAG,CAAC,CAAC,CAAA;aACzC;QACH,CAAC;KAAA;IAEK,MAAM,CAAC,IAAO;;YAClB,IAAI;gBACF,MAAM,MAAM,GAAQ,IAAI,CAAC,OAAO,CAAC,oBAAoB,CAAC,IAAI,CAAC,CAAA;gBAC3D,OAAO,MAAM,IAAI,CAAC,UAAU,CAAC,IAAI,CAAC,MAAM,CAAC,CAAA;aAC1C;YAAC,OAAO,CAAC,EAAE;gBACV,MAAM,IAAI,KAAK,CAAC,yBAAyB,GAAG,CAAC,CAAC,CAAA;aAC/C;QACH,CAAC;KAAA;IAEK,MAAM,CAAC,EAAU;;YACrB,IAAI;gBACF,OAAO,MAAM,IAAI,CAAC,UAAU,CAAC,MAAM,CAAC,EAAE,CAAC,CAAA;aACxC;YAAC,OAAO,CAAC,EAAE;gBACV,MAAM,IAAI,KAAK,CAAC,yBAAyB,GAAG,CAAC,CAAC,CAAA;aAC/C;QACH,CAAC;KAAA;CACF","sourcesContent":["import { BaseRepositoryInterface } from './base.repository.interface'\r\nimport { Repository } from 'typeorm'\r\nimport { ADP } from '../../helpers/adapters/adapter';\r\n\r\nexport class BaseRepository<I, E> implements BaseRepositoryInterface<I, E> {\r\n  constructor(\r\n    private readonly repository: Repository<E>,\r\n    private readonly adapter: ADP<E>\r\n  ) {}\r\n\r\n  async findOneById(id: number): Promise<E> {\r\n    try {\r\n      return await this.repository.findOne(id)\r\n    } catch (e) {\r\n      throw new Error('Cannot find data: ' + e)\r\n    }\r\n  }\r\n\r\n  async update(id: number, option: { [option: string]: any }): Promise<E> {\r\n    throw new Error('Method not implemented.')\r\n  }\r\n\r\n  async findAll(data: { [key: string]: any }): Promise<E[]> {\r\n    try {\r\n      return await this.repository.find(data)\r\n    } catch (e) {\r\n      throw new Error('Error find data: ' + e)\r\n    }\r\n  }\r\n\r\n  async findOne(data: { [key: string]: any }): Promise<E> {\r\n    try {\r\n      return await this.repository.findOne(data)\r\n    } catch (e) {\r\n      throw new Error('Error find data: ' + e)\r\n    }\r\n  }\r\n\r\n  async create(data: I): Promise<E> {\r\n    try {\r\n      const entity: any = this.adapter.ifToEntityCreateCase(data) // change to entity class\r\n      return await this.repository.save(entity)\r\n    } catch (e) {\r\n      throw new Error('failed to create data: ' + e)\r\n    }\r\n  }\r\n\r\n  async delete(id: number): Promise<any> {\r\n    try {\r\n      return await this.repository.delete(id)\r\n    } catch (e) {\r\n      throw new Error('failed to create data: ' + e)\r\n    }\r\n  }\r\n}\r\n"]},"_coverageSchema":"332fd63041d2c1bcb487cc26dd0d5f7d97098a6c","hash":"86e9d0b8fda35ce462cf7897c153dc3e3e3e433b"}
,"/mnt/c/Users/Rangga Adhitya P/beonco-microservice/base-service-nest/src/common/services/base.service.ts": {"path":"/mnt/c/Users/Rangga Adhitya P/beonco-microservice/base-service-nest/src/common/services/base.service.ts","statementMap":{"0":{"start":{"line":1,"column":16},"end":{"line":8,"column":1}},"1":{"start":{"line":2,"column":4},"end":{"line":7,"column":7}},"2":{"start":{"line":3,"column":36},"end":{"line":3,"column":97}},"3":{"start":{"line":3,"column":42},"end":{"line":3,"column":70}},"4":{"start":{"line":3,"column":85},"end":{"line":3,"column":95}},"5":{"start":{"line":4,"column":35},"end":{"line":4,"column":100}},"6":{"start":{"line":4,"column":41},"end":{"line":4,"column":73}},"7":{"start":{"line":4,"column":88},"end":{"line":4,"column":98}},"8":{"start":{"line":5,"column":32},"end":{"line":5,"column":149}},"9":{"start":{"line":5,"column":97},"end":{"line":5,"column":119}},"10":{"start":{"line":6,"column":8},"end":{"line":6,"column":78}},"11":{"start":{"line":11,"column":8},"end":{"line":11,"column":45}},"12":{"start":{"line":14,"column":8},"end":{"line":14,"column":51}},"13":{"start":{"line":17,"column":8},"end":{"line":17,"column":51}},"14":{"start":{"line":20,"column":8},"end":{"line":22,"column":11}},"15":{"start":{"line":21,"column":12},"end":{"line":21,"column":58}},"16":{"start":{"line":25,"column":8},"end":{"line":25,"column":46}},"17":{"start":{"line":28,"column":8},"end":{"line":28,"column":54}}},"fnMap":{"0":{"name":"(anonymous_0)","decl":{"start":{"line":1,"column":44},"end":{"line":1,"column":45}},"loc":{"start":{"line":1,"column":89},"end":{"line":8,"column":1}},"line":1},"1":{"name":"(anonymous_1)","decl":{"start":{"line":2,"column":36},"end":{"line":2,"column":37}},"loc":{"start":{"line":2,"column":63},"end":{"line":7,"column":5}},"line":2},"2":{"name":"fulfilled","decl":{"start":{"line":3,"column":17},"end":{"line":3,"column":26}},"loc":{"start":{"line":3,"column":34},"end":{"line":3,"column":99}},"line":3},"3":{"name":"rejected","decl":{"start":{"line":4,"column":17},"end":{"line":4,"column":25}},"loc":{"start":{"line":4,"column":33},"end":{"line":4,"column":102}},"line":4},"4":{"name":"step","decl":{"start":{"line":5,"column":17},"end":{"line":5,"column":21}},"loc":{"start":{"line":5,"column":30},"end":{"line":5,"column":151}},"line":5},"5":{"name":"(anonymous_5)","decl":{"start":{"line":5,"column":76},"end":{"line":5,"column":77}},"loc":{"start":{"line":5,"column":95},"end":{"line":5,"column":121}},"line":5},"6":{"name":"(anonymous_6)","decl":{"start":{"line":10,"column":4},"end":{"line":10,"column":5}},"loc":{"start":{"line":10,"column":32},"end":{"line":12,"column":5}},"line":10},"7":{"name":"(anonymous_7)","decl":{"start":{"line":13,"column":4},"end":{"line":13,"column":5}},"loc":{"start":{"line":13,"column":20},"end":{"line":15,"column":5}},"line":13},"8":{"name":"(anonymous_8)","decl":{"start":{"line":16,"column":4},"end":{"line":16,"column":5}},"loc":{"start":{"line":16,"column":17},"end":{"line":18,"column":5}},"line":16},"9":{"name":"(anonymous_9)","decl":{"start":{"line":19,"column":4},"end":{"line":19,"column":5}},"loc":{"start":{"line":19,"column":17},"end":{"line":23,"column":5}},"line":19},"10":{"name":"(anonymous_10)","decl":{"start":{"line":20,"column":47},"end":{"line":20,"column":48}},"loc":{"start":{"line":20,"column":60},"end":{"line":22,"column":9}},"line":20},"11":{"name":"(anonymous_11)","decl":{"start":{"line":24,"column":4},"end":{"line":24,"column":5}},"loc":{"start":{"line":24,"column":15},"end":{"line":26,"column":5}},"line":24},"12":{"name":"(anonymous_12)","decl":{"start":{"line":27,"column":4},"end":{"line":27,"column":5}},"loc":{"start":{"line":27,"column":23},"end":{"line":29,"column":5}},"line":27}},"branchMap":{"0":{"loc":{"start":{"line":1,"column":16},"end":{"line":8,"column":1}},"type":"binary-expr","locations":[{"start":{"line":1,"column":17},"end":{"line":1,"column":21}},{"start":{"line":1,"column":25},"end":{"line":1,"column":39}},{"start":{"line":1,"column":44},"end":{"line":8,"column":1}}],"line":1},"1":{"loc":{"start":{"line":2,"column":16},"end":{"line":2,"column":34}},"type":"binary-expr","locations":[{"start":{"line":2,"column":16},"end":{"line":2,"column":17}},{"start":{"line":2,"column":22},"end":{"line":2,"column":33}}],"line":2},"2":{"loc":{"start":{"line":5,"column":32},"end":{"line":5,"column":148}},"type":"cond-expr","locations":[{"start":{"line":5,"column":46},"end":{"line":5,"column":67}},{"start":{"line":5,"column":70},"end":{"line":5,"column":148}}],"line":5},"3":{"loc":{"start":{"line":6,"column":51},"end":{"line":6,"column":67}},"type":"binary-expr","locations":[{"start":{"line":6,"column":51},"end":{"line":6,"column":61}},{"start":{"line":6,"column":65},"end":{"line":6,"column":67}}],"line":6}},"s":{"0":1,"1":0,"2":0,"3":0,"4":0,"5":0,"6":0,"7":0,"8":0,"9":0,"10":0,"11":5,"12":0,"13":0,"14":0,"15":0,"16":0,"17":0},"f":{"0":0,"1":0,"2":0,"3":0,"4":0,"5":0,"6":5,"7":0,"8":0,"9":0,"10":0,"11":0,"12":0},"b":{"0":[1,0,1],"1":[0,0],"2":[0,0],"3":[0,0]},"inputSourceMap":{"version":3,"file":"base.service.js","sourceRoot":"","sources":["base.service.ts"],"names":[],"mappings":";;;;;;;;AAGA,MAAM;IACJ,YAA6B,cAAoC;QAApC,mBAAc,GAAd,cAAc,CAAsB;IAAG,CAAC;IAErE,OAAO,CAAC,MAAgC;QACtC,OAAO,IAAI,CAAC,cAAc,CAAC,OAAO,CAAC,MAAM,CAAC,CAAA;IAC5C,CAAC;IAED,QAAQ,CAAC,EAAU;QACjB,OAAO,IAAI,CAAC,cAAc,CAAC,WAAW,CAAC,EAAE,CAAC,CAAA;IAC5C,CAAC;IAEK,MAAM,CAAC,IAAO;;YAClB,OAAO,MAAM,IAAI,CAAC,cAAc,CAAC,MAAM,CAAC,IAAI,CAAC,CAAA;QAC/C,CAAC;KAAA;IAED,MAAM,CAAC,EAAU;QACf,OAAO,IAAI,CAAC,cAAc,CAAC,MAAM,CAAC,EAAE,CAAC,CAAA;IACvC,CAAC;IAED,MAAM,CAAC,EAAU,EAAE,MAAgC;QACjD,OAAO,IAAI,CAAC,cAAc,CAAC,MAAM,CAAC,EAAE,EAAE,MAAM,CAAC,CAAA;IAC/C,CAAC;CACF","sourcesContent":["import { BaseServiceInterface } from './base.service.interface'\r\nimport { BaseRepository } from '../repositories/base.repository'\r\n\r\nexport class BaseService<D, E> implements BaseServiceInterface<D, E> {\r\n  constructor(private readonly baseRepository: BaseRepository<D, E>) {}\r\n\r\n  findAll(option: { [index: string]: any }): Promise<E[]> {\r\n    return this.baseRepository.findAll(option)\r\n  }\r\n\r\n  findById(id: number): Promise<E> {\r\n    return this.baseRepository.findOneById(id)\r\n  }\r\n\r\n  async create(data: D): Promise<E> {\r\n    return await this.baseRepository.create(data)\r\n  }\r\n\r\n  delete(id: number): Promise<E> {\r\n    return this.baseRepository.delete(id)\r\n  }\r\n\r\n  update(id: number, option: { [index: string]: any }): Promise<E> {\r\n    return this.baseRepository.update(id, option)\r\n  }\r\n}\r\n"]},"_coverageSchema":"332fd63041d2c1bcb487cc26dd0d5f7d97098a6c","hash":"a99ecc7b5f64cf6799db16445f3b9773ca97d7fe"}
,"/mnt/c/Users/Rangga Adhitya P/beonco-microservice/base-service-nest/src/helpers/adapters/adapter.ts": {"path":"/mnt/c/Users/Rangga Adhitya P/beonco-microservice/base-service-nest/src/helpers/adapters/adapter.ts","statementMap":{"0":{"start":{"line":2,"column":17},"end":{"line":7,"column":1}},"1":{"start":{"line":3,"column":12},"end":{"line":3,"column":28}},"2":{"start":{"line":3,"column":34},"end":{"line":3,"column":125}},"3":{"start":{"line":4,"column":4},"end":{"line":5,"column":150}},"4":{"start":{"line":4,"column":79},"end":{"line":4,"column":131}},"5":{"start":{"line":5,"column":9},"end":{"line":5,"column":150}},"6":{"start":{"line":5,"column":58},"end":{"line":5,"column":150}},"7":{"start":{"line":5,"column":81},"end":{"line":5,"column":150}},"8":{"start":{"line":6,"column":4},"end":{"line":6,"column":66}},"9":{"start":{"line":9,"column":10},"end":{"line":36,"column":1}},"10":{"start":{"line":11,"column":8},"end":{"line":20,"column":9}},"11":{"start":{"line":12,"column":24},"end":{"line":12,"column":36}},"12":{"start":{"line":13,"column":12},"end":{"line":19,"column":46}},"13":{"start":{"line":21,"column":8},"end":{"line":21,"column":22}},"14":{"start":{"line":24,"column":21},"end":{"line":24,"column":23}},"15":{"start":{"line":25,"column":8},"end":{"line":27,"column":9}},"16":{"start":{"line":26,"column":12},"end":{"line":26,"column":35}},"17":{"start":{"line":28,"column":8},"end":{"line":28,"column":22}},"18":{"start":{"line":31,"column":21},"end":{"line":31,"column":41}},"19":{"start":{"line":32,"column":8},"end":{"line":33,"column":37}},"20":{"start":{"line":33,"column":12},"end":{"line":33,"column":37}},"21":{"start":{"line":34,"column":8},"end":{"line":34,"column":22}},"22":{"start":{"line":37,"column":0},"end":{"line":39,"column":8}}},"fnMap":{"0":{"name":"(anonymous_0)","decl":{"start":{"line":2,"column":46},"end":{"line":2,"column":47}},"loc":{"start":{"line":2,"column":87},"end":{"line":7,"column":1}},"line":2},"1":{"name":"(anonymous_1)","decl":{"start":{"line":10,"column":4},"end":{"line":10,"column":5}},"loc":{"start":{"line":10,"column":33},"end":{"line":22,"column":5}},"line":10},"2":{"name":"(anonymous_2)","decl":{"start":{"line":23,"column":4},"end":{"line":23,"column":5}},"loc":{"start":{"line":23,"column":20},"end":{"line":29,"column":5}},"line":23},"3":{"name":"(anonymous_3)","decl":{"start":{"line":30,"column":4},"end":{"line":30,"column":5}},"loc":{"start":{"line":30,"column":30},"end":{"line":35,"column":5}},"line":30}},"branchMap":{"0":{"loc":{"start":{"line":2,"column":17},"end":{"line":7,"column":1}},"type":"binary-expr","locations":[{"start":{"line":2,"column":18},"end":{"line":2,"column":22}},{"start":{"line":2,"column":26},"end":{"line":2,"column":41}},{"start":{"line":2,"column":46},"end":{"line":7,"column":1}}],"line":2},"1":{"loc":{"start":{"line":3,"column":34},"end":{"line":3,"column":125}},"type":"cond-expr","locations":[{"start":{"line":3,"column":42},"end":{"line":3,"column":48}},{"start":{"line":3,"column":51},"end":{"line":3,"column":125}}],"line":3},"2":{"loc":{"start":{"line":3,"column":51},"end":{"line":3,"column":125}},"type":"cond-expr","locations":[{"start":{"line":3,"column":67},"end":{"line":3,"column":118}},{"start":{"line":3,"column":121},"end":{"line":3,"column":125}}],"line":3},"3":{"loc":{"start":{"line":4,"column":4},"end":{"line":5,"column":150}},"type":"if","locations":[{"start":{"line":4,"column":4},"end":{"line":5,"column":150}},{"start":{"line":4,"column":4},"end":{"line":5,"column":150}}],"line":4},"4":{"loc":{"start":{"line":4,"column":8},"end":{"line":4,"column":77}},"type":"binary-expr","locations":[{"start":{"line":4,"column":8},"end":{"line":4,"column":35}},{"start":{"line":4,"column":39},"end":{"line":4,"column":77}}],"line":4},"5":{"loc":{"start":{"line":5,"column":58},"end":{"line":5,"column":150}},"type":"if","locations":[{"start":{"line":5,"column":58},"end":{"line":5,"column":150}},{"start":{"line":5,"column":58},"end":{"line":5,"column":150}}],"line":5},"6":{"loc":{"start":{"line":5,"column":85},"end":{"line":5,"column":149}},"type":"binary-expr","locations":[{"start":{"line":5,"column":86},"end":{"line":5,"column":143}},{"start":{"line":5,"column":148},"end":{"line":5,"column":149}}],"line":5},"7":{"loc":{"start":{"line":5,"column":86},"end":{"line":5,"column":143}},"type":"cond-expr","locations":[{"start":{"line":5,"column":94},"end":{"line":5,"column":98}},{"start":{"line":5,"column":101},"end":{"line":5,"column":143}}],"line":5},"8":{"loc":{"start":{"line":5,"column":101},"end":{"line":5,"column":143}},"type":"cond-expr","locations":[{"start":{"line":5,"column":109},"end":{"line":5,"column":126}},{"start":{"line":5,"column":129},"end":{"line":5,"column":143}}],"line":5},"9":{"loc":{"start":{"line":6,"column":11},"end":{"line":6,"column":62}},"type":"binary-expr","locations":[{"start":{"line":6,"column":11},"end":{"line":6,"column":16}},{"start":{"line":6,"column":20},"end":{"line":6,"column":21}},{"start":{"line":6,"column":25},"end":{"line":6,"column":62}}],"line":6},"10":{"loc":{"start":{"line":13,"column":12},"end":{"line":19,"column":45}},"type":"cond-expr","locations":[{"start":{"line":18,"column":20},"end":{"line":18,"column":24}},{"start":{"line":19,"column":19},"end":{"line":19,"column":44}}],"line":13},"11":{"loc":{"start":{"line":13,"column":12},"end":{"line":16,"column":36}},"type":"binary-expr","locations":[{"start":{"line":13,"column":12},"end":{"line":13,"column":24}},{"start":{"line":14,"column":16},"end":{"line":14,"column":36}},{"start":{"line":15,"column":16},"end":{"line":15,"column":36}},{"start":{"line":16,"column":16},"end":{"line":16,"column":36}}],"line":13},"12":{"loc":{"start":{"line":32,"column":8},"end":{"line":33,"column":37}},"type":"if","locations":[{"start":{"line":32,"column":8},"end":{"line":33,"column":37}},{"start":{"line":32,"column":8},"end":{"line":33,"column":37}}],"line":32}},"s":{"0":1,"1":1,"2":1,"3":1,"4":1,"5":0,"6":0,"7":0,"8":1,"9":1,"10":0,"11":0,"12":0,"13":0,"14":0,"15":0,"16":0,"17":0,"18":0,"19":0,"20":0,"21":0,"22":1},"f":{"0":1,"1":0,"2":0,"3":0},"b":{"0":[1,0,1],"1":[1,0],"2":[0,0],"3":[1,0],"4":[1,1],"5":[0,0],"6":[0,0],"7":[0,0],"8":[0,0],"9":[1,0,0],"10":[0,0],"11":[0,0,0,0],"12":[0,0]},"inputSourceMap":{"version":3,"file":"adapter.js","sourceRoot":"","sources":["adapter.ts"],"names":[],"mappings":"AAAA,YAAY,CAAA;;;;;;;AAEZ,OAAO,EAAE,UAAU,EAAE,MAAM,gBAAgB,CAAA;AAG3C,IAAa,GAAG,GAAhB;IACC,YAAY,CAAC,MAAS,EAAE,MAAkB;QAEzC,KAAK,MAAM,CAAC,IAAI,MAAM,EAAE;YACvB,MAAM,GAAG,GAAG,CAAC,CAAC,QAAQ,EAAE,CAAA;YAExB,GAAG,KAAK,IAAI;gBACZ,GAAG,KAAK,YAAY;gBACpB,GAAG,KAAK,YAAY;gBAEpB,GAAG,KAAK,YAAY;gBACnB,CAAC;oBACC,IAAI;gBACN,CAAC,CAAC,CAAC,MAAM,CAAC,GAAG,CAAC,GAAG,MAAM,CAAC,GAAG,CAAC,CAAC,CAAA;SAC9B;QAED,OAAO,MAAM,CAAA;IACd,CAAC;IAED,UAAU,CAAC,GAAe;QAEzB,IAAI,MAAM,GAAM,EAAO,CAAA;QAGvB,KAAK,MAAM,GAAG,IAAI,GAAG,EAAE;YACtB,MAAM,CAAC,GAAG,CAAC,GAAG,GAAG,CAAC,GAAG,CAAC,CAAA;SACtB;QAED,OAAO,MAAM,CAAA;IACd,CAAC;IAED,oBAAoB,CAAC,GAAe;QAEnC,IAAI,MAAM,GAAG,IAAI,CAAC,UAAU,CAAC,GAAG,CAAC,CAAA;QAGjC,IAAI,MAAM,CAAC,cAAc,CAAC,IAAI,CAAC;YAAE,MAAM,CAAC,IAAI,CAAC,GAAG,SAAS,CAAA;QAEzD,OAAO,MAAM,CAAA;IACd,CAAC;CACD,CAAA;AAxCY,GAAG;IADf,UAAU,EAAE;GACA,GAAG,CAwCf;SAxCY,GAAG","sourcesContent":["'use strict'\r\n\r\nimport { Injectable } from '@nestjs/common'\r\n\r\n@Injectable()\r\nexport class ADP<T> {\r\n\tupdateAssign(oldObj: T, newObj: BaseObject): T {\r\n\t\t// tslint:disable-next-line:forin\r\n\t\tfor (const i in newObj) {\r\n\t\t\tconst key = i.toString()\r\n\r\n\t\t\tkey === 'id' ||\r\n\t\t\tkey === 'created_at' ||\r\n\t\t\tkey === 'updated_at' ||\r\n\t\t\t// tslint:disable-next-line:no-unused-expression\r\n\t\t\tkey === 'deleted_at'\r\n\t\t\t\t? // tslint:disable-next-line:no-unused-expression\r\n\t\t\t\t  null\r\n\t\t\t\t: (oldObj[key] = newObj[key])\r\n\t\t}\r\n\r\n\t\treturn oldObj\r\n\t}\r\n\r\n\tifToEntity(obj: BaseObject): T {\r\n\t\t// tslint:disable-next-line:prefer-const\r\n\t\tlet entity: T = {} as T\r\n\r\n\t\t// tslint:disable-next-line:forin\r\n\t\tfor (const key in obj) {\r\n\t\t\tentity[key] = obj[key]\r\n\t\t}\r\n\r\n\t\treturn entity\r\n\t}\r\n\r\n\tifToEntityCreateCase(obj: BaseObject): T {\r\n\t\t// tslint:disable-next-line:prefer-const\r\n\t\tlet entity = this.ifToEntity(obj)\r\n\r\n\t\t// tslint:disable-next-line:no-string-literal\r\n\t\tif (entity.hasOwnProperty('id')) entity['id'] = undefined\r\n\r\n\t\treturn entity\r\n\t}\r\n}\r\n\r\ninterface BaseObject {\r\n\t[key: string]: any\r\n}\r\n"]},"_coverageSchema":"332fd63041d2c1bcb487cc26dd0d5f7d97098a6c","hash":"f3d37b72593b7e6f4a99b61e947a1017ef1ca747"}
,"/mnt/c/Users/Rangga Adhitya P/beonco-microservice/base-service-nest/src/user/user.controller.ts": {"path":"/mnt/c/Users/Rangga Adhitya P/beonco-microservice/base-service-nest/src/user/user.controller.ts","statementMap":{"0":{"start":{"line":1,"column":17},"end":{"line":6,"column":1}},"1":{"start":{"line":2,"column":12},"end":{"line":2,"column":28}},"2":{"start":{"line":2,"column":34},"end":{"line":2,"column":125}},"3":{"start":{"line":3,"column":4},"end":{"line":4,"column":150}},"4":{"start":{"line":3,"column":79},"end":{"line":3,"column":131}},"5":{"start":{"line":4,"column":9},"end":{"line":4,"column":150}},"6":{"start":{"line":4,"column":58},"end":{"line":4,"column":150}},"7":{"start":{"line":4,"column":81},"end":{"line":4,"column":150}},"8":{"start":{"line":5,"column":4},"end":{"line":5,"column":66}},"9":{"start":{"line":7,"column":17},"end":{"line":9,"column":1}},"10":{"start":{"line":8,"column":4},"end":{"line":8,"column":109}},"11":{"start":{"line":8,"column":79},"end":{"line":8,"column":109}},"12":{"start":{"line":10,"column":14},"end":{"line":12,"column":1}},"13":{"start":{"line":11,"column":4},"end":{"line":11,"column":73}},"14":{"start":{"line":11,"column":36},"end":{"line":11,"column":71}},"15":{"start":{"line":17,"column":21},"end":{"line":36,"column":1}},"16":{"start":{"line":19,"column":8},"end":{"line":19,"column":39}},"17":{"start":{"line":22,"column":8},"end":{"line":22,"column":48}},"18":{"start":{"line":25,"column":8},"end":{"line":25,"column":48}},"19":{"start":{"line":28,"column":8},"end":{"line":28,"column":45}},"20":{"start":{"line":31,"column":8},"end":{"line":31,"column":43}},"21":{"start":{"line":34,"column":8},"end":{"line":34,"column":56}},"22":{"start":{"line":37,"column":0},"end":{"line":44,"column":45}},"23":{"start":{"line":45,"column":0},"end":{"line":51,"column":45}},"24":{"start":{"line":52,"column":0},"end":{"line":58,"column":46}},"25":{"start":{"line":59,"column":0},"end":{"line":65,"column":49}},"26":{"start":{"line":66,"column":0},"end":{"line":72,"column":45}},"27":{"start":{"line":73,"column":0},"end":{"line":76,"column":19}}},"fnMap":{"0":{"name":"(anonymous_0)","decl":{"start":{"line":1,"column":46},"end":{"line":1,"column":47}},"loc":{"start":{"line":1,"column":87},"end":{"line":6,"column":1}},"line":1},"1":{"name":"(anonymous_1)","decl":{"start":{"line":7,"column":46},"end":{"line":7,"column":47}},"loc":{"start":{"line":7,"column":62},"end":{"line":9,"column":1}},"line":7},"2":{"name":"(anonymous_2)","decl":{"start":{"line":10,"column":40},"end":{"line":10,"column":41}},"loc":{"start":{"line":10,"column":73},"end":{"line":12,"column":1}},"line":10},"3":{"name":"(anonymous_3)","decl":{"start":{"line":11,"column":11},"end":{"line":11,"column":12}},"loc":{"start":{"line":11,"column":34},"end":{"line":11,"column":73}},"line":11},"4":{"name":"(anonymous_4)","decl":{"start":{"line":18,"column":4},"end":{"line":18,"column":5}},"loc":{"start":{"line":18,"column":29},"end":{"line":20,"column":5}},"line":18},"5":{"name":"(anonymous_5)","decl":{"start":{"line":21,"column":4},"end":{"line":21,"column":5}},"loc":{"start":{"line":21,"column":20},"end":{"line":23,"column":5}},"line":21},"6":{"name":"(anonymous_6)","decl":{"start":{"line":24,"column":4},"end":{"line":24,"column":5}},"loc":{"start":{"line":24,"column":19},"end":{"line":26,"column":5}},"line":24},"7":{"name":"(anonymous_7)","decl":{"start":{"line":27,"column":4},"end":{"line":27,"column":5}},"loc":{"start":{"line":27,"column":16},"end":{"line":29,"column":5}},"line":27},"8":{"name":"(anonymous_8)","decl":{"start":{"line":30,"column":4},"end":{"line":30,"column":5}},"loc":{"start":{"line":30,"column":19},"end":{"line":32,"column":5}},"line":30},"9":{"name":"(anonymous_9)","decl":{"start":{"line":33,"column":4},"end":{"line":33,"column":5}},"loc":{"start":{"line":33,"column":18},"end":{"line":35,"column":5}},"line":33}},"branchMap":{"0":{"loc":{"start":{"line":1,"column":17},"end":{"line":6,"column":1}},"type":"binary-expr","locations":[{"start":{"line":1,"column":18},"end":{"line":1,"column":22}},{"start":{"line":1,"column":26},"end":{"line":1,"column":41}},{"start":{"line":1,"column":46},"end":{"line":6,"column":1}}],"line":1},"1":{"loc":{"start":{"line":2,"column":34},"end":{"line":2,"column":125}},"type":"cond-expr","locations":[{"start":{"line":2,"column":42},"end":{"line":2,"column":48}},{"start":{"line":2,"column":51},"end":{"line":2,"column":125}}],"line":2},"2":{"loc":{"start":{"line":2,"column":51},"end":{"line":2,"column":125}},"type":"cond-expr","locations":[{"start":{"line":2,"column":67},"end":{"line":2,"column":118}},{"start":{"line":2,"column":121},"end":{"line":2,"column":125}}],"line":2},"3":{"loc":{"start":{"line":3,"column":4},"end":{"line":4,"column":150}},"type":"if","locations":[{"start":{"line":3,"column":4},"end":{"line":4,"column":150}},{"start":{"line":3,"column":4},"end":{"line":4,"column":150}}],"line":3},"4":{"loc":{"start":{"line":3,"column":8},"end":{"line":3,"column":77}},"type":"binary-expr","locations":[{"start":{"line":3,"column":8},"end":{"line":3,"column":35}},{"start":{"line":3,"column":39},"end":{"line":3,"column":77}}],"line":3},"5":{"loc":{"start":{"line":4,"column":58},"end":{"line":4,"column":150}},"type":"if","locations":[{"start":{"line":4,"column":58},"end":{"line":4,"column":150}},{"start":{"line":4,"column":58},"end":{"line":4,"column":150}}],"line":4},"6":{"loc":{"start":{"line":4,"column":85},"end":{"line":4,"column":149}},"type":"binary-expr","locations":[{"start":{"line":4,"column":86},"end":{"line":4,"column":143}},{"start":{"line":4,"column":148},"end":{"line":4,"column":149}}],"line":4},"7":{"loc":{"start":{"line":4,"column":86},"end":{"line":4,"column":143}},"type":"cond-expr","locations":[{"start":{"line":4,"column":94},"end":{"line":4,"column":98}},{"start":{"line":4,"column":101},"end":{"line":4,"column":143}}],"line":4},"8":{"loc":{"start":{"line":4,"column":101},"end":{"line":4,"column":143}},"type":"cond-expr","locations":[{"start":{"line":4,"column":109},"end":{"line":4,"column":126}},{"start":{"line":4,"column":129},"end":{"line":4,"column":143}}],"line":4},"9":{"loc":{"start":{"line":5,"column":11},"end":{"line":5,"column":62}},"type":"binary-expr","locations":[{"start":{"line":5,"column":11},"end":{"line":5,"column":16}},{"start":{"line":5,"column":20},"end":{"line":5,"column":21}},{"start":{"line":5,"column":25},"end":{"line":5,"column":62}}],"line":5},"10":{"loc":{"start":{"line":7,"column":17},"end":{"line":9,"column":1}},"type":"binary-expr","locations":[{"start":{"line":7,"column":18},"end":{"line":7,"column":22}},{"start":{"line":7,"column":26},"end":{"line":7,"column":41}},{"start":{"line":7,"column":46},"end":{"line":9,"column":1}}],"line":7},"11":{"loc":{"start":{"line":8,"column":4},"end":{"line":8,"column":109}},"type":"if","locations":[{"start":{"line":8,"column":4},"end":{"line":8,"column":109}},{"start":{"line":8,"column":4},"end":{"line":8,"column":109}}],"line":8},"12":{"loc":{"start":{"line":8,"column":8},"end":{"line":8,"column":77}},"type":"binary-expr","locations":[{"start":{"line":8,"column":8},"end":{"line":8,"column":35}},{"start":{"line":8,"column":39},"end":{"line":8,"column":77}}],"line":8},"13":{"loc":{"start":{"line":10,"column":14},"end":{"line":12,"column":1}},"type":"binary-expr","locations":[{"start":{"line":10,"column":15},"end":{"line":10,"column":19}},{"start":{"line":10,"column":23},"end":{"line":10,"column":35}},{"start":{"line":10,"column":40},"end":{"line":12,"column":1}}],"line":10},"14":{"loc":{"start":{"line":42,"column":37},"end":{"line":42,"column":123}},"type":"binary-expr","locations":[{"start":{"line":42,"column":37},"end":{"line":42,"column":107}},{"start":{"line":42,"column":111},"end":{"line":42,"column":113}},{"start":{"line":42,"column":117},"end":{"line":42,"column":123}}],"line":42},"15":{"loc":{"start":{"line":42,"column":50},"end":{"line":42,"column":91}},"type":"binary-expr","locations":[{"start":{"line":42,"column":50},"end":{"line":42,"column":80}},{"start":{"line":42,"column":84},"end":{"line":42,"column":91}}],"line":42},"16":{"loc":{"start":{"line":49,"column":37},"end":{"line":49,"column":123}},"type":"binary-expr","locations":[{"start":{"line":49,"column":37},"end":{"line":49,"column":107}},{"start":{"line":49,"column":111},"end":{"line":49,"column":113}},{"start":{"line":49,"column":117},"end":{"line":49,"column":123}}],"line":49},"17":{"loc":{"start":{"line":49,"column":50},"end":{"line":49,"column":91}},"type":"binary-expr","locations":[{"start":{"line":49,"column":50},"end":{"line":49,"column":80}},{"start":{"line":49,"column":84},"end":{"line":49,"column":91}}],"line":49},"18":{"loc":{"start":{"line":75,"column":37},"end":{"line":75,"column":131}},"type":"binary-expr","locations":[{"start":{"line":75,"column":37},"end":{"line":75,"column":115}},{"start":{"line":75,"column":119},"end":{"line":75,"column":121}},{"start":{"line":75,"column":125},"end":{"line":75,"column":131}}],"line":75},"19":{"loc":{"start":{"line":75,"column":50},"end":{"line":75,"column":99}},"type":"binary-expr","locations":[{"start":{"line":75,"column":50},"end":{"line":75,"column":84}},{"start":{"line":75,"column":88},"end":{"line":75,"column":99}}],"line":75}},"s":{"0":1,"1":6,"2":6,"3":6,"4":6,"5":0,"6":0,"7":0,"8":6,"9":1,"10":16,"11":16,"12":1,"13":5,"14":5,"15":1,"16":5,"17":1,"18":1,"19":1,"20":1,"21":1,"22":1,"23":1,"24":1,"25":1,"26":1,"27":1},"f":{"0":6,"1":16,"2":5,"3":5,"4":5,"5":1,"6":1,"7":1,"8":1,"9":1},"b":{"0":[1,0,1],"1":[1,5],"2":[5,0],"3":[6,0],"4":[6,6],"5":[0,0],"6":[0,0],"7":[0,0],"8":[0,0],"9":[6,5,5],"10":[1,0,1],"11":[16,0],"12":[16,16],"13":[1,0,1],"14":[1,1,0],"15":[1,1],"16":[1,1,0],"17":[1,1],"18":[1,1,0],"19":[1,1]},"inputSourceMap":{"version":3,"file":"user.controller.js","sourceRoot":"","sources":["user.controller.ts"],"names":[],"mappings":";;;;;;;;;;;;;AAAA,OAAO,EACL,UAAU,EACV,IAAI,EACJ,IAAI,EACJ,GAAG,EACH,QAAQ,EACR,KAAK,EACL,MAAM,EACN,KAAK,EACN,MAAM,gBAAgB,CAAA;AACvB,OAAO,EAAE,WAAW,EAAE,MAAM,gBAAgB,CAAA;AAC5C,OAAO,EAAE,OAAO,EAAE,MAAM,gBAAgB,CAAA;AAGxC,IAAa,cAAc,GAA3B;IACE,YAA6B,WAAwB;QAAxB,gBAAW,GAAX,WAAW,CAAa;IAAG,CAAC;IAIzD,MAAM,CAAS,OAAgB;QAC7B,OAAO,IAAI,CAAC,WAAW,CAAC,MAAM,CAAC,OAAO,CAAC,CAAA;IACzC,CAAC;IAGD,MAAM,CAAS,MAAgB;QAC7B,OAAO,IAAI,CAAC,WAAW,CAAC,OAAO,CAAC,MAAM,CAAC,CAAA;IACzC,CAAC;IAGD,OAAO,CAAc,EAAE;QACrB,OAAO,IAAI,CAAC,WAAW,CAAC,QAAQ,CAAC,EAAE,CAAC,CAAA;IACtC,CAAC;IAGD,UAAU,CAAc,EAAE;QACxB,OAAO,IAAI,CAAC,WAAW,CAAC,MAAM,CAAC,EAAE,CAAC,CAAA;IACpC,CAAC;IAGD,MAAM,CAAU,KAAK;QACnB,OAAO,IAAI,CAAC,WAAW,CAAC,MAAM,CAAC,KAAK,CAAC,EAAE,EAAE,KAAK,CAAC,CAAA;IACjD,CAAC;CACF,CAAA;AAvBC;IAFC,IAAI,EAAE;IACN,QAAQ,CAAC,GAAG,CAAC;IACN,WAAA,IAAI,EAAE,CAAA;;yDAAU,OAAO,oBAAP,OAAO;;4CAE9B;AAGD;IADC,GAAG,EAAE;IACE,WAAA,IAAI,EAAE,CAAA;;yDAAU,OAAO,oBAAP,OAAO;;4CAE9B;AAGD;IADC,GAAG,CAAC,KAAK,CAAC;IACF,WAAA,KAAK,CAAC,IAAI,CAAC,CAAA;;;;6CAEnB;AAGD;IADC,MAAM,CAAC,KAAK,CAAC;IACF,WAAA,KAAK,CAAC,IAAI,CAAC,CAAA;;;;gDAEtB;AAGD;IADC,KAAK,CAAC,KAAK,CAAC;IACL,WAAA,KAAK,EAAE,CAAA;;;;4CAEd;AA3BU,cAAc;IAD1B,UAAU,CAAC,MAAM,CAAC;yDAEyB,WAAW,oBAAX,WAAW;GAD1C,cAAc,CA4B1B;SA5BY,cAAc","sourcesContent":["import {\r\n  Controller,\r\n  Post,\r\n  Body,\r\n  Get,\r\n  HttpCode,\r\n  Param,\r\n  Delete,\r\n  Patch\r\n} from '@nestjs/common'\r\nimport { UserService } from './user.service'\r\nimport { UserDto } from './dto/user.dto'\r\n\r\n@Controller('user')\r\nexport class UserController {\r\n  constructor(private readonly userService: UserService) {}\r\n\r\n  @Post() // POST user/\r\n  @HttpCode(201)\r\n  create(@Body() request: UserDto) {\r\n    return this.userService.create(request)\r\n  }\r\n\r\n  @Get() // GET user/\r\n  getAll(@Body() option?: UserDto) {\r\n    return this.userService.findAll(option)\r\n  }\r\n\r\n  @Get(':id') // GET user/{id}\r\n  finById(@Param('id') id) {\r\n    return this.userService.findById(id)\r\n  }\r\n\r\n  @Delete(':id') // Delete user/{id}\r\n  deleteById(@Param('id') id) {\r\n    return this.userService.delete(id)\r\n  }\r\n\r\n  @Patch(':id') // PATCH user/{id}\r\n  update(@Param() param) {\r\n    return this.userService.update(param.id, param)\r\n  }\r\n}\r\n"]},"_coverageSchema":"332fd63041d2c1bcb487cc26dd0d5f7d97098a6c","hash":"de2bf16b7d1e07fa768aa6e72a1a2036f0b3155b"}
,"/mnt/c/Users/Rangga Adhitya P/beonco-microservice/base-service-nest/src/user/user.entity.ts": {"path":"/mnt/c/Users/Rangga Adhitya P/beonco-microservice/base-service-nest/src/user/user.entity.ts","statementMap":{"0":{"start":{"line":1,"column":17},"end":{"line":6,"column":1}},"1":{"start":{"line":2,"column":12},"end":{"line":2,"column":28}},"2":{"start":{"line":2,"column":34},"end":{"line":2,"column":125}},"3":{"start":{"line":3,"column":4},"end":{"line":4,"column":150}},"4":{"start":{"line":3,"column":79},"end":{"line":3,"column":131}},"5":{"start":{"line":4,"column":9},"end":{"line":4,"column":150}},"6":{"start":{"line":4,"column":58},"end":{"line":4,"column":150}},"7":{"start":{"line":4,"column":81},"end":{"line":4,"column":150}},"8":{"start":{"line":5,"column":4},"end":{"line":5,"column":66}},"9":{"start":{"line":7,"column":17},"end":{"line":9,"column":1}},"10":{"start":{"line":8,"column":4},"end":{"line":8,"column":109}},"11":{"start":{"line":8,"column":79},"end":{"line":8,"column":109}},"12":{"start":{"line":12,"column":12},"end":{"line":13,"column":1}},"13":{"start":{"line":14,"column":0},"end":{"line":17,"column":34}},"14":{"start":{"line":18,"column":0},"end":{"line":21,"column":42}},"15":{"start":{"line":22,"column":0},"end":{"line":25,"column":41}},"16":{"start":{"line":26,"column":0},"end":{"line":29,"column":37}},"17":{"start":{"line":30,"column":0},"end":{"line":33,"column":40}},"18":{"start":{"line":34,"column":0},"end":{"line":36,"column":10}}},"fnMap":{"0":{"name":"(anonymous_0)","decl":{"start":{"line":1,"column":46},"end":{"line":1,"column":47}},"loc":{"start":{"line":1,"column":87},"end":{"line":6,"column":1}},"line":1},"1":{"name":"(anonymous_1)","decl":{"start":{"line":7,"column":46},"end":{"line":7,"column":47}},"loc":{"start":{"line":7,"column":62},"end":{"line":9,"column":1}},"line":7}},"branchMap":{"0":{"loc":{"start":{"line":1,"column":17},"end":{"line":6,"column":1}},"type":"binary-expr","locations":[{"start":{"line":1,"column":18},"end":{"line":1,"column":22}},{"start":{"line":1,"column":26},"end":{"line":1,"column":41}},{"start":{"line":1,"column":46},"end":{"line":6,"column":1}}],"line":1},"1":{"loc":{"start":{"line":2,"column":34},"end":{"line":2,"column":125}},"type":"cond-expr","locations":[{"start":{"line":2,"column":42},"end":{"line":2,"column":48}},{"start":{"line":2,"column":51},"end":{"line":2,"column":125}}],"line":2},"2":{"loc":{"start":{"line":2,"column":51},"end":{"line":2,"column":125}},"type":"cond-expr","locations":[{"start":{"line":2,"column":67},"end":{"line":2,"column":118}},{"start":{"line":2,"column":121},"end":{"line":2,"column":125}}],"line":2},"3":{"loc":{"start":{"line":3,"column":4},"end":{"line":4,"column":150}},"type":"if","locations":[{"start":{"line":3,"column":4},"end":{"line":4,"column":150}},{"start":{"line":3,"column":4},"end":{"line":4,"column":150}}],"line":3},"4":{"loc":{"start":{"line":3,"column":8},"end":{"line":3,"column":77}},"type":"binary-expr","locations":[{"start":{"line":3,"column":8},"end":{"line":3,"column":35}},{"start":{"line":3,"column":39},"end":{"line":3,"column":77}}],"line":3},"5":{"loc":{"start":{"line":4,"column":58},"end":{"line":4,"column":150}},"type":"if","locations":[{"start":{"line":4,"column":58},"end":{"line":4,"column":150}},{"start":{"line":4,"column":58},"end":{"line":4,"column":150}}],"line":4},"6":{"loc":{"start":{"line":4,"column":85},"end":{"line":4,"column":149}},"type":"binary-expr","locations":[{"start":{"line":4,"column":86},"end":{"line":4,"column":143}},{"start":{"line":4,"column":148},"end":{"line":4,"column":149}}],"line":4},"7":{"loc":{"start":{"line":4,"column":86},"end":{"line":4,"column":143}},"type":"cond-expr","locations":[{"start":{"line":4,"column":94},"end":{"line":4,"column":98}},{"start":{"line":4,"column":101},"end":{"line":4,"column":143}}],"line":4},"8":{"loc":{"start":{"line":4,"column":101},"end":{"line":4,"column":143}},"type":"cond-expr","locations":[{"start":{"line":4,"column":109},"end":{"line":4,"column":126}},{"start":{"line":4,"column":129},"end":{"line":4,"column":143}}],"line":4},"9":{"loc":{"start":{"line":5,"column":11},"end":{"line":5,"column":62}},"type":"binary-expr","locations":[{"start":{"line":5,"column":11},"end":{"line":5,"column":16}},{"start":{"line":5,"column":20},"end":{"line":5,"column":21}},{"start":{"line":5,"column":25},"end":{"line":5,"column":62}}],"line":5},"10":{"loc":{"start":{"line":7,"column":17},"end":{"line":9,"column":1}},"type":"binary-expr","locations":[{"start":{"line":7,"column":18},"end":{"line":7,"column":22}},{"start":{"line":7,"column":26},"end":{"line":7,"column":41}},{"start":{"line":7,"column":46},"end":{"line":9,"column":1}}],"line":7},"11":{"loc":{"start":{"line":8,"column":4},"end":{"line":8,"column":109}},"type":"if","locations":[{"start":{"line":8,"column":4},"end":{"line":8,"column":109}},{"start":{"line":8,"column":4},"end":{"line":8,"column":109}}],"line":8},"12":{"loc":{"start":{"line":8,"column":8},"end":{"line":8,"column":77}},"type":"binary-expr","locations":[{"start":{"line":8,"column":8},"end":{"line":8,"column":35}},{"start":{"line":8,"column":39},"end":{"line":8,"column":77}}],"line":8}},"s":{"0":1,"1":6,"2":6,"3":6,"4":6,"5":0,"6":0,"7":0,"8":6,"9":1,"10":5,"11":5,"12":1,"13":1,"14":1,"15":1,"16":1,"17":1,"18":1},"f":{"0":6,"1":5},"b":{"0":[1,0,1],"1":[1,5],"2":[0,5],"3":[6,0],"4":[6,6],"5":[0,0],"6":[0,0],"7":[0,0],"8":[0,0],"9":[6,5,0],"10":[1,0,1],"11":[5,0],"12":[5,5]},"inputSourceMap":{"version":3,"file":"user.entity.js","sourceRoot":"","sources":["user.entity.ts"],"names":[],"mappings":";;;;;;;;;AAAA,OAAO,UAAU,MAAM,8BAA8B,CAAA;AACrD,OAAO,EAAE,MAAM,EAAE,sBAAsB,EAAE,MAAM,EAAE,MAAM,SAAS,CAAA;AAIhE,IAAa,KAAK,GAAlB,WAAmB,SAAQ,UAAU;CAWpC,CAAA;AATC;IADC,sBAAsB,CAAC,EAAE,IAAI,EAAE,KAAK,EAAE,CAAC;;iCAC9B;AAES;IAAlB,MAAM,CAAC,SAAS,CAAC;;yCAAmB;AAElB;IAAlB,MAAM,CAAC,SAAS,CAAC;;wCAAkB;AAEjB;IAAlB,MAAM,CAAC,SAAS,CAAC;;oCAAc;AAEb;IAAlB,MAAM,CAAC,SAAS,CAAC;;uCAAiB;AAVxB,KAAK;IADjB,MAAM,EAAE;GACI,KAAK,CAWjB;SAXY,KAAK","sourcesContent":["import BaseEntity from '../common/entity/base.entity'\r\nimport { Column, PrimaryGeneratedColumn, Entity } from 'typeorm'\r\nimport { IUser } from './interfaces'\r\n\r\n@Entity()\r\nexport class Users extends BaseEntity implements IUser {\r\n  @PrimaryGeneratedColumn({ type: 'int' })\r\n  id: number\r\n\r\n  @Column('varchar') first_name: string\r\n\r\n  @Column('varchar') last_name: string\r\n\r\n  @Column('varchar') email: string\r\n\r\n  @Column('varchar') password: string\r\n}\r\n"]},"_coverageSchema":"332fd63041d2c1bcb487cc26dd0d5f7d97098a6c","hash":"b731ee4cbe7ef41ff7a581933d5a81dd62d7e80d"}
,"/mnt/c/Users/Rangga Adhitya P/beonco-microservice/base-service-nest/src/user/user.repository.ts": {"path":"/mnt/c/Users/Rangga Adhitya P/beonco-microservice/base-service-nest/src/user/user.repository.ts","statementMap":{"0":{"start":{"line":1,"column":17},"end":{"line":6,"column":1}},"1":{"start":{"line":2,"column":12},"end":{"line":2,"column":28}},"2":{"start":{"line":2,"column":34},"end":{"line":2,"column":125}},"3":{"start":{"line":3,"column":4},"end":{"line":4,"column":150}},"4":{"start":{"line":3,"column":79},"end":{"line":3,"column":131}},"5":{"start":{"line":4,"column":9},"end":{"line":4,"column":150}},"6":{"start":{"line":4,"column":58},"end":{"line":4,"column":150}},"7":{"start":{"line":4,"column":81},"end":{"line":4,"column":150}},"8":{"start":{"line":5,"column":4},"end":{"line":5,"column":66}},"9":{"start":{"line":7,"column":17},"end":{"line":9,"column":1}},"10":{"start":{"line":8,"column":4},"end":{"line":8,"column":109}},"11":{"start":{"line":8,"column":79},"end":{"line":8,"column":109}},"12":{"start":{"line":10,"column":14},"end":{"line":12,"column":1}},"13":{"start":{"line":11,"column":4},"end":{"line":11,"column":73}},"14":{"start":{"line":11,"column":36},"end":{"line":11,"column":71}},"15":{"start":{"line":20,"column":21},"end":{"line":25,"column":1}},"16":{"start":{"line":22,"column":8},"end":{"line":22,"column":39}},"17":{"start":{"line":23,"column":8},"end":{"line":23,"column":45}},"18":{"start":{"line":26,"column":0},"end":{"line":30,"column":19}}},"fnMap":{"0":{"name":"(anonymous_0)","decl":{"start":{"line":1,"column":46},"end":{"line":1,"column":47}},"loc":{"start":{"line":1,"column":87},"end":{"line":6,"column":1}},"line":1},"1":{"name":"(anonymous_1)","decl":{"start":{"line":7,"column":46},"end":{"line":7,"column":47}},"loc":{"start":{"line":7,"column":62},"end":{"line":9,"column":1}},"line":7},"2":{"name":"(anonymous_2)","decl":{"start":{"line":10,"column":40},"end":{"line":10,"column":41}},"loc":{"start":{"line":10,"column":73},"end":{"line":12,"column":1}},"line":10},"3":{"name":"(anonymous_3)","decl":{"start":{"line":11,"column":11},"end":{"line":11,"column":12}},"loc":{"start":{"line":11,"column":34},"end":{"line":11,"column":73}},"line":11},"4":{"name":"(anonymous_4)","decl":{"start":{"line":21,"column":4},"end":{"line":21,"column":5}},"loc":{"start":{"line":21,"column":41},"end":{"line":24,"column":5}},"line":21}},"branchMap":{"0":{"loc":{"start":{"line":1,"column":17},"end":{"line":6,"column":1}},"type":"binary-expr","locations":[{"start":{"line":1,"column":18},"end":{"line":1,"column":22}},{"start":{"line":1,"column":26},"end":{"line":1,"column":41}},{"start":{"line":1,"column":46},"end":{"line":6,"column":1}}],"line":1},"1":{"loc":{"start":{"line":2,"column":34},"end":{"line":2,"column":125}},"type":"cond-expr","locations":[{"start":{"line":2,"column":42},"end":{"line":2,"column":48}},{"start":{"line":2,"column":51},"end":{"line":2,"column":125}}],"line":2},"2":{"loc":{"start":{"line":2,"column":51},"end":{"line":2,"column":125}},"type":"cond-expr","locations":[{"start":{"line":2,"column":67},"end":{"line":2,"column":118}},{"start":{"line":2,"column":121},"end":{"line":2,"column":125}}],"line":2},"3":{"loc":{"start":{"line":3,"column":4},"end":{"line":4,"column":150}},"type":"if","locations":[{"start":{"line":3,"column":4},"end":{"line":4,"column":150}},{"start":{"line":3,"column":4},"end":{"line":4,"column":150}}],"line":3},"4":{"loc":{"start":{"line":3,"column":8},"end":{"line":3,"column":77}},"type":"binary-expr","locations":[{"start":{"line":3,"column":8},"end":{"line":3,"column":35}},{"start":{"line":3,"column":39},"end":{"line":3,"column":77}}],"line":3},"5":{"loc":{"start":{"line":4,"column":58},"end":{"line":4,"column":150}},"type":"if","locations":[{"start":{"line":4,"column":58},"end":{"line":4,"column":150}},{"start":{"line":4,"column":58},"end":{"line":4,"column":150}}],"line":4},"6":{"loc":{"start":{"line":4,"column":85},"end":{"line":4,"column":149}},"type":"binary-expr","locations":[{"start":{"line":4,"column":86},"end":{"line":4,"column":143}},{"start":{"line":4,"column":148},"end":{"line":4,"column":149}}],"line":4},"7":{"loc":{"start":{"line":4,"column":86},"end":{"line":4,"column":143}},"type":"cond-expr","locations":[{"start":{"line":4,"column":94},"end":{"line":4,"column":98}},{"start":{"line":4,"column":101},"end":{"line":4,"column":143}}],"line":4},"8":{"loc":{"start":{"line":4,"column":101},"end":{"line":4,"column":143}},"type":"cond-expr","locations":[{"start":{"line":4,"column":109},"end":{"line":4,"column":126}},{"start":{"line":4,"column":129},"end":{"line":4,"column":143}}],"line":4},"9":{"loc":{"start":{"line":5,"column":11},"end":{"line":5,"column":62}},"type":"binary-expr","locations":[{"start":{"line":5,"column":11},"end":{"line":5,"column":16}},{"start":{"line":5,"column":20},"end":{"line":5,"column":21}},{"start":{"line":5,"column":25},"end":{"line":5,"column":62}}],"line":5},"10":{"loc":{"start":{"line":7,"column":17},"end":{"line":9,"column":1}},"type":"binary-expr","locations":[{"start":{"line":7,"column":18},"end":{"line":7,"column":22}},{"start":{"line":7,"column":26},"end":{"line":7,"column":41}},{"start":{"line":7,"column":46},"end":{"line":9,"column":1}}],"line":7},"11":{"loc":{"start":{"line":8,"column":4},"end":{"line":8,"column":109}},"type":"if","locations":[{"start":{"line":8,"column":4},"end":{"line":8,"column":109}},{"start":{"line":8,"column":4},"end":{"line":8,"column":109}}],"line":8},"12":{"loc":{"start":{"line":8,"column":8},"end":{"line":8,"column":77}},"type":"binary-expr","locations":[{"start":{"line":8,"column":8},"end":{"line":8,"column":35}},{"start":{"line":8,"column":39},"end":{"line":8,"column":77}}],"line":8},"13":{"loc":{"start":{"line":10,"column":14},"end":{"line":12,"column":1}},"type":"binary-expr","locations":[{"start":{"line":10,"column":15},"end":{"line":10,"column":19}},{"start":{"line":10,"column":23},"end":{"line":10,"column":35}},{"start":{"line":10,"column":40},"end":{"line":12,"column":1}}],"line":10},"14":{"loc":{"start":{"line":29,"column":37},"end":{"line":29,"column":129}},"type":"binary-expr","locations":[{"start":{"line":29,"column":37},"end":{"line":29,"column":113}},{"start":{"line":29,"column":117},"end":{"line":29,"column":119}},{"start":{"line":29,"column":123},"end":{"line":29,"column":129}}],"line":29},"15":{"loc":{"start":{"line":29,"column":50},"end":{"line":29,"column":97}},"type":"binary-expr","locations":[{"start":{"line":29,"column":50},"end":{"line":29,"column":83}},{"start":{"line":29,"column":87},"end":{"line":29,"column":97}}],"line":29},"16":{"loc":{"start":{"line":29,"column":131},"end":{"line":29,"column":209}},"type":"binary-expr","locations":[{"start":{"line":29,"column":131},"end":{"line":29,"column":193}},{"start":{"line":29,"column":197},"end":{"line":29,"column":199}},{"start":{"line":29,"column":203},"end":{"line":29,"column":209}}],"line":29},"17":{"loc":{"start":{"line":29,"column":144},"end":{"line":29,"column":177}},"type":"binary-expr","locations":[{"start":{"line":29,"column":144},"end":{"line":29,"column":170}},{"start":{"line":29,"column":174},"end":{"line":29,"column":177}}],"line":29}},"s":{"0":1,"1":1,"2":1,"3":1,"4":1,"5":0,"6":0,"7":0,"8":1,"9":1,"10":1,"11":1,"12":1,"13":1,"14":1,"15":1,"16":5,"17":5,"18":1},"f":{"0":1,"1":1,"2":1,"3":1,"4":5},"b":{"0":[1,0,1],"1":[1,0],"2":[0,0],"3":[1,0],"4":[1,1],"5":[0,0],"6":[0,0],"7":[0,0],"8":[0,0],"9":[1,0,0],"10":[1,0,1],"11":[1,0],"12":[1,1],"13":[1,0,1],"14":[1,1,0],"15":[1,1],"16":[1,1,0],"17":[1,1]},"inputSourceMap":{"version":3,"file":"user.repository.js","sourceRoot":"","sources":["user.repository.ts"],"names":[],"mappings":";;;;;;;;;;;;;AAAA,OAAO,EAAE,cAAc,EAAE,MAAM,wCAAwC,CAAA;AACvE,OAAO,EAAE,gBAAgB,EAAE,MAAM,iBAAiB,CAAA;AAClD,OAAO,EAAE,UAAU,EAAE,MAAM,SAAS,CAAA;AACpC,OAAO,EAAE,KAAK,EAAE,MAAM,eAAe,CAAA;AACrC,OAAO,EAAE,UAAU,EAAE,MAAM,gBAAgB,CAAC;AAC5C,OAAO,EAAE,GAAG,EAAE,MAAM,6BAA6B,CAAC;AAIlD,IAAa,cAAc,GAA3B,oBAA4B,SAAQ,cAA8B;IAChE,YAEmB,cAAiC,EAClD,OAAmB;QAEnB,KAAK,CAAC,cAAc,EAAE,OAAO,CAAC,CAAA;QAHb,mBAAc,GAAd,cAAc,CAAmB;IAIpD,CAAC;CACF,CAAA;AARY,cAAc;IAD1B,UAAU,EAAE;IAGR,WAAA,gBAAgB,CAAC,KAAK,CAAC,CAAA;yDACS,UAAU,oBAAV,UAAU,sDAClC,GAAG,oBAAH,GAAG;GAJH,cAAc,CAQ1B;SARY,cAAc","sourcesContent":["import { BaseRepository } from '../common/repositories/base.repository'\r\nimport { InjectRepository } from '@nestjs/typeorm'\r\nimport { Repository } from 'typeorm'\r\nimport { Users } from './user.entity'\r\nimport { Injectable } from '@nestjs/common';\r\nimport { ADP } from '../helpers/adapters/adapter';\r\nimport { UserDto } from './dto/user.dto';\r\n\r\n@Injectable()\r\nexport class UserRepository extends BaseRepository<UserDto, Users> {\r\n  constructor(\r\n    @InjectRepository(Users)\r\n    private readonly userRepository: Repository<Users>,\r\n    adapter: ADP<Users>\r\n  ) {\r\n    super(userRepository, adapter)\r\n  }\r\n}\r\n"]},"_coverageSchema":"332fd63041d2c1bcb487cc26dd0d5f7d97098a6c","hash":"e5a52dd8f378ab42f6a9013f46507aba01bb06d1"}
,"/mnt/c/Users/Rangga Adhitya P/beonco-microservice/base-service-nest/src/user/user.service.ts": {"path":"/mnt/c/Users/Rangga Adhitya P/beonco-microservice/base-service-nest/src/user/user.service.ts","statementMap":{"0":{"start":{"line":1,"column":17},"end":{"line":6,"column":1}},"1":{"start":{"line":2,"column":12},"end":{"line":2,"column":28}},"2":{"start":{"line":2,"column":34},"end":{"line":2,"column":125}},"3":{"start":{"line":3,"column":4},"end":{"line":4,"column":150}},"4":{"start":{"line":3,"column":79},"end":{"line":3,"column":131}},"5":{"start":{"line":4,"column":9},"end":{"line":4,"column":150}},"6":{"start":{"line":4,"column":58},"end":{"line":4,"column":150}},"7":{"start":{"line":4,"column":81},"end":{"line":4,"column":150}},"8":{"start":{"line":5,"column":4},"end":{"line":5,"column":66}},"9":{"start":{"line":7,"column":17},"end":{"line":9,"column":1}},"10":{"start":{"line":8,"column":4},"end":{"line":8,"column":109}},"11":{"start":{"line":8,"column":79},"end":{"line":8,"column":109}},"12":{"start":{"line":14,"column":18},"end":{"line":19,"column":1}},"13":{"start":{"line":16,"column":8},"end":{"line":16,"column":30}},"14":{"start":{"line":17,"column":8},"end":{"line":17,"column":45}},"15":{"start":{"line":20,"column":0},"end":{"line":23,"column":16}}},"fnMap":{"0":{"name":"(anonymous_0)","decl":{"start":{"line":1,"column":46},"end":{"line":1,"column":47}},"loc":{"start":{"line":1,"column":87},"end":{"line":6,"column":1}},"line":1},"1":{"name":"(anonymous_1)","decl":{"start":{"line":7,"column":46},"end":{"line":7,"column":47}},"loc":{"start":{"line":7,"column":62},"end":{"line":9,"column":1}},"line":7},"2":{"name":"(anonymous_2)","decl":{"start":{"line":15,"column":4},"end":{"line":15,"column":5}},"loc":{"start":{"line":15,"column":32},"end":{"line":18,"column":5}},"line":15}},"branchMap":{"0":{"loc":{"start":{"line":1,"column":17},"end":{"line":6,"column":1}},"type":"binary-expr","locations":[{"start":{"line":1,"column":18},"end":{"line":1,"column":22}},{"start":{"line":1,"column":26},"end":{"line":1,"column":41}},{"start":{"line":1,"column":46},"end":{"line":6,"column":1}}],"line":1},"1":{"loc":{"start":{"line":2,"column":34},"end":{"line":2,"column":125}},"type":"cond-expr","locations":[{"start":{"line":2,"column":42},"end":{"line":2,"column":48}},{"start":{"line":2,"column":51},"end":{"line":2,"column":125}}],"line":2},"2":{"loc":{"start":{"line":2,"column":51},"end":{"line":2,"column":125}},"type":"cond-expr","locations":[{"start":{"line":2,"column":67},"end":{"line":2,"column":118}},{"start":{"line":2,"column":121},"end":{"line":2,"column":125}}],"line":2},"3":{"loc":{"start":{"line":3,"column":4},"end":{"line":4,"column":150}},"type":"if","locations":[{"start":{"line":3,"column":4},"end":{"line":4,"column":150}},{"start":{"line":3,"column":4},"end":{"line":4,"column":150}}],"line":3},"4":{"loc":{"start":{"line":3,"column":8},"end":{"line":3,"column":77}},"type":"binary-expr","locations":[{"start":{"line":3,"column":8},"end":{"line":3,"column":35}},{"start":{"line":3,"column":39},"end":{"line":3,"column":77}}],"line":3},"5":{"loc":{"start":{"line":4,"column":58},"end":{"line":4,"column":150}},"type":"if","locations":[{"start":{"line":4,"column":58},"end":{"line":4,"column":150}},{"start":{"line":4,"column":58},"end":{"line":4,"column":150}}],"line":4},"6":{"loc":{"start":{"line":4,"column":85},"end":{"line":4,"column":149}},"type":"binary-expr","locations":[{"start":{"line":4,"column":86},"end":{"line":4,"column":143}},{"start":{"line":4,"column":148},"end":{"line":4,"column":149}}],"line":4},"7":{"loc":{"start":{"line":4,"column":86},"end":{"line":4,"column":143}},"type":"cond-expr","locations":[{"start":{"line":4,"column":94},"end":{"line":4,"column":98}},{"start":{"line":4,"column":101},"end":{"line":4,"column":143}}],"line":4},"8":{"loc":{"start":{"line":4,"column":101},"end":{"line":4,"column":143}},"type":"cond-expr","locations":[{"start":{"line":4,"column":109},"end":{"line":4,"column":126}},{"start":{"line":4,"column":129},"end":{"line":4,"column":143}}],"line":4},"9":{"loc":{"start":{"line":5,"column":11},"end":{"line":5,"column":62}},"type":"binary-expr","locations":[{"start":{"line":5,"column":11},"end":{"line":5,"column":16}},{"start":{"line":5,"column":20},"end":{"line":5,"column":21}},{"start":{"line":5,"column":25},"end":{"line":5,"column":62}}],"line":5},"10":{"loc":{"start":{"line":7,"column":17},"end":{"line":9,"column":1}},"type":"binary-expr","locations":[{"start":{"line":7,"column":18},"end":{"line":7,"column":22}},{"start":{"line":7,"column":26},"end":{"line":7,"column":41}},{"start":{"line":7,"column":46},"end":{"line":9,"column":1}}],"line":7},"11":{"loc":{"start":{"line":8,"column":4},"end":{"line":8,"column":109}},"type":"if","locations":[{"start":{"line":8,"column":4},"end":{"line":8,"column":109}},{"start":{"line":8,"column":4},"end":{"line":8,"column":109}}],"line":8},"12":{"loc":{"start":{"line":8,"column":8},"end":{"line":8,"column":77}},"type":"binary-expr","locations":[{"start":{"line":8,"column":8},"end":{"line":8,"column":35}},{"start":{"line":8,"column":39},"end":{"line":8,"column":77}}],"line":8},"13":{"loc":{"start":{"line":22,"column":37},"end":{"line":22,"column":137}},"type":"binary-expr","locations":[{"start":{"line":22,"column":37},"end":{"line":22,"column":121}},{"start":{"line":22,"column":125},"end":{"line":22,"column":127}},{"start":{"line":22,"column":131},"end":{"line":22,"column":137}}],"line":22},"14":{"loc":{"start":{"line":22,"column":50},"end":{"line":22,"column":105}},"type":"binary-expr","locations":[{"start":{"line":22,"column":50},"end":{"line":22,"column":87}},{"start":{"line":22,"column":91},"end":{"line":22,"column":105}}],"line":22}},"s":{"0":1,"1":1,"2":1,"3":1,"4":1,"5":0,"6":0,"7":0,"8":1,"9":1,"10":1,"11":1,"12":1,"13":5,"14":5,"15":1},"f":{"0":1,"1":1,"2":5},"b":{"0":[1,0,1],"1":[1,0],"2":[0,0],"3":[1,0],"4":[1,1],"5":[0,0],"6":[0,0],"7":[0,0],"8":[0,0],"9":[1,0,0],"10":[1,0,1],"11":[1,0],"12":[1,1],"13":[1,1,0],"14":[1,1]},"inputSourceMap":{"version":3,"file":"user.service.js","sourceRoot":"","sources":["user.service.ts"],"names":[],"mappings":";;;;;;;;;;AACA,OAAO,EAAE,cAAc,EAAE,MAAM,mBAAmB,CAAA;AAClD,OAAO,EAAE,WAAW,EAAE,MAAM,iCAAiC,CAAA;AAE7D,OAAO,EAAE,UAAU,EAAE,MAAM,gBAAgB,CAAA;AAI3C,IAAa,WAAW,GAAxB,iBAAyB,SAAQ,WAAyB;IACxD,YACmB,cAA8B;QAE/C,KAAK,CAAC,cAAc,CAAC,CAAA;QAFJ,mBAAc,GAAd,cAAc,CAAgB;IAGjD,CAAC;CACF,CAAA;AANY,WAAW;IADvB,UAAU,EAAE;yDAGwB,cAAc,oBAAd,cAAc;GAFtC,WAAW,CAMvB;SANY,WAAW","sourcesContent":["import { IUser } from './interfaces'\r\nimport { UserRepository } from './user.repository'\r\nimport { BaseService } from '../common/services/base.service'\r\nimport { Users } from './user.entity'\r\nimport { Injectable } from '@nestjs/common'\r\nimport { ADP } from 'helpers/adapters/adapter';\r\n\r\n@Injectable()\r\nexport class UserService extends BaseService<IUser, Users> {\r\n  constructor(\r\n    private readonly userRepository: UserRepository\r\n  ) {\r\n    super(userRepository)\r\n  }\r\n}\r\n"]},"_coverageSchema":"332fd63041d2c1bcb487cc26dd0d5f7d97098a6c","hash":"6f821e57c5b2597de545fca6421c43e61e21f6b3"}
,"/mnt/c/Users/Rangga Adhitya P/beonco-microservice/base-service-nest/src/user/dto/user.dto.ts": {"path":"/mnt/c/Users/Rangga Adhitya P/beonco-microservice/base-service-nest/src/user/dto/user.dto.ts","statementMap":{},"fnMap":{},"branchMap":{},"s":{},"f":{},"b":{},"inputSourceMap":{"version":3,"file":"user.dto.js","sourceRoot":"","sources":["user.dto.ts"],"names":[],"mappings":"AAEA,MAAM;CAKL","sourcesContent":["import { IUser } from '../interfaces'\r\n\r\nexport class UserDto implements IUser {\r\n  first_name: string\r\n  last_name: string\r\n  email: string\r\n  password: string\r\n}\r\n"]},"_coverageSchema":"332fd63041d2c1bcb487cc26dd0d5f7d97098a6c","hash":"72128f61e5570f56b81e9151e48d803b644ff3b5"}
}
